<?xml version="1.0" encoding="UTF-8"?>
<coverage generated="1552292321806" clover="3.2.0">
  <project timestamp="1552292321806" name="All files">
    <metrics statements="46" coveredstatements="15" conditionals="15" coveredconditionals="3" methods="19" coveredmethods="5" elements="80" coveredelements="23" complexity="0" loc="46" ncloc="46" packages="4" files="9" classes="9"/>
    <package name="actions">
      <metrics statements="16" coveredstatements="4" conditionals="6" coveredconditionals="0" methods="6" coveredmethods="1"/>
      <file name="actionTypes.js" path="/Users/henrytomusange/Desktop/LmsOutput8/Store-Manager-React/src/actions/actionTypes.js">
        <metrics statements="1" coveredstatements="1" conditionals="0" coveredconditionals="0" methods="0" coveredmethods="0"/>
        <line num="1" count="2" type="stmt"/>
      </file>
      <file name="loginAction.js" path="/Users/henrytomusange/Desktop/LmsOutput8/Store-Manager-React/src/actions/loginAction.js">
        <metrics statements="15" coveredstatements="3" conditionals="6" coveredconditionals="0" methods="6" coveredmethods="1"/>
        <line num="4" count="1" type="stmt"/>
        <line num="9" count="1" type="stmt"/>
        <line num="14" count="1" type="stmt"/>
        <line num="15" count="0" type="stmt"/>
        <line num="21" count="0" type="cond" truecount="0" falsecount="2"/>
        <line num="22" count="0" type="stmt"/>
        <line num="23" count="0" type="stmt"/>
        <line num="24" count="0" type="cond" truecount="0" falsecount="2"/>
        <line num="25" count="0" type="stmt"/>
        <line num="26" count="0" type="stmt"/>
        <line num="27" count="0" type="cond" truecount="0" falsecount="2"/>
        <line num="28" count="0" type="stmt"/>
        <line num="29" count="0" type="stmt"/>
        <line num="33" count="0" type="stmt"/>
        <line num="35" count="0" type="stmt"/>
      </file>
    </package>
    <package name="components">
      <metrics statements="7" coveredstatements="5" conditionals="0" coveredconditionals="0" methods="4" coveredmethods="2"/>
      <file name="App.js" path="/Users/henrytomusange/Desktop/LmsOutput8/Store-Manager-React/src/components/App.js">
        <metrics statements="2" coveredstatements="2" conditionals="0" coveredconditionals="0" methods="1" coveredmethods="1"/>
        <line num="4" count="2" type="stmt"/>
        <line num="5" count="1" type="stmt"/>
      </file>
      <file name="Header.js" path="/Users/henrytomusange/Desktop/LmsOutput8/Store-Manager-React/src/components/Header.js">
        <metrics statements="3" coveredstatements="1" conditionals="0" coveredconditionals="0" methods="2" coveredmethods="0"/>
        <line num="4" count="1" type="stmt"/>
        <line num="5" count="0" type="stmt"/>
        <line num="6" count="0" type="stmt"/>
      </file>
      <file name="LoginForm.js" path="/Users/henrytomusange/Desktop/LmsOutput8/Store-Manager-React/src/components/LoginForm.js">
        <metrics statements="2" coveredstatements="2" conditionals="0" coveredconditionals="0" methods="1" coveredmethods="1"/>
        <line num="3" count="1" type="stmt"/>
        <line num="4" count="2" type="stmt"/>
      </file>
    </package>
    <package name="reducers">
      <metrics statements="8" coveredstatements="4" conditionals="5" coveredconditionals="3" methods="2" coveredmethods="1"/>
      <file name="loginReducer.js" path="/Users/henrytomusange/Desktop/LmsOutput8/Store-Manager-React/src/reducers/loginReducer.js">
        <metrics statements="5" coveredstatements="4" conditionals="4" coveredconditionals="3" methods="1" coveredmethods="1"/>
        <line num="3" count="1" type="stmt"/>
        <line num="10" count="2" type="cond" truecount="2" falsecount="1"/>
        <line num="12" count="1" type="stmt"/>
        <line num="19" count="0" type="stmt"/>
        <line num="26" count="1" type="stmt"/>
      </file>
      <file name="rootReducer.js" path="/Users/henrytomusange/Desktop/LmsOutput8/Store-Manager-React/src/reducers/rootReducer.js">
        <metrics statements="3" coveredstatements="0" conditionals="1" coveredconditionals="0" methods="1" coveredmethods="0"/>
        <line num="4" count="0" type="stmt"/>
        <line num="9" count="0" type="stmt"/>
        <line num="12" count="0" type="stmt"/>
      </file>
    </package>
    <package name="views">
      <metrics statements="15" coveredstatements="2" conditionals="4" coveredconditionals="0" methods="7" coveredmethods="1"/>
      <file name="HomeView.js" path="/Users/henrytomusange/Desktop/LmsOutput8/Store-Manager-React/src/views/HomeView.js">
        <metrics statements="2" coveredstatements="2" conditionals="0" coveredconditionals="0" methods="1" coveredmethods="1"/>
        <line num="5" count="1" type="stmt"/>
        <line num="6" count="2" type="stmt"/>
      </file>
      <file name="LoginView.js" path="/Users/henrytomusange/Desktop/LmsOutput8/Store-Manager-React/src/views/LoginView.js">
        <metrics statements="13" coveredstatements="0" conditionals="4" coveredconditionals="0" methods="6" coveredmethods="0"/>
        <line num="16" count="0" type="stmt"/>
        <line num="22" count="0" type="stmt"/>
        <line num="23" count="0" type="cond" truecount="0" falsecount="2"/>
        <line num="24" count="0" type="stmt"/>
        <line num="25" count="0" type="cond" truecount="0" falsecount="2"/>
        <line num="26" count="0" type="stmt"/>
        <line num="27" count="0" type="stmt"/>
        <line num="32" count="0" type="stmt"/>
        <line num="33" count="0" type="stmt"/>
        <line num="37" count="0" type="stmt"/>
        <line num="41" count="0" type="stmt"/>
        <line num="55" count="0" type="stmt"/>
        <line num="57" count="0" type="stmt"/>
      </file>
    </package>
  </project>
</coverage>
