{"/Users/henrytomusange/Desktop/LmsOutput8/Store-Manager-React/src/actions/actionTypes.js": {"path":"/Users/henrytomusange/Desktop/LmsOutput8/Store-Manager-React/src/actions/actionTypes.js","statementMap":{"0":{"start":{"line":1,"column":20},"end":{"line":6,"column":1}}},"fnMap":{},"branchMap":{},"s":{"0":6},"f":{},"b":{},"_coverageSchema":"43e27e138ebf9cfc5966b082cf9a028302ed4184","hash":"4fc35b560181d4509f89f3306dbca2138d890b33"}
,"/Users/henrytomusange/Desktop/LmsOutput8/Store-Manager-React/src/actions/loginAction.js": {"path":"/Users/henrytomusange/Desktop/LmsOutput8/Store-Manager-React/src/actions/loginAction.js","statementMap":{"0":{"start":{"line":5,"column":33},"end":{"line":8,"column":2}},"1":{"start":{"line":5,"column":45},"end":{"line":8,"column":1}},"2":{"start":{"line":10,"column":33},"end":{"line":13,"column":2}},"3":{"start":{"line":10,"column":43},"end":{"line":13,"column":1}},"4":{"start":{"line":15,"column":20},"end":{"line":35,"column":1}},"5":{"start":{"line":15,"column":32},"end":{"line":35,"column":1}},"6":{"start":{"line":16,"column":2},"end":{"line":34,"column":7}},"7":{"start":{"line":22,"column":6},"end":{"line":29,"column":7}},"8":{"start":{"line":23,"column":8},"end":{"line":23,"column":51}},"9":{"start":{"line":24,"column":13},"end":{"line":29,"column":7}},"10":{"start":{"line":25,"column":8},"end":{"line":25,"column":51}},"11":{"start":{"line":26,"column":13},"end":{"line":29,"column":7}},"12":{"start":{"line":27,"column":8},"end":{"line":27,"column":80}},"13":{"start":{"line":28,"column":8},"end":{"line":28,"column":51}},"14":{"start":{"line":32,"column":6},"end":{"line":32,"column":45}},"15":{"start":{"line":33,"column":6},"end":{"line":33,"column":50}}},"fnMap":{"0":{"name":"(anonymous_0)","decl":{"start":{"line":5,"column":33},"end":{"line":5,"column":34}},"loc":{"start":{"line":5,"column":45},"end":{"line":8,"column":1}},"line":5},"1":{"name":"(anonymous_1)","decl":{"start":{"line":10,"column":33},"end":{"line":10,"column":34}},"loc":{"start":{"line":10,"column":43},"end":{"line":13,"column":1}},"line":10},"2":{"name":"(anonymous_2)","decl":{"start":{"line":15,"column":20},"end":{"line":15,"column":21}},"loc":{"start":{"line":15,"column":32},"end":{"line":35,"column":1}},"line":15},"3":{"name":"(anonymous_3)","decl":{"start":{"line":15,"column":32},"end":{"line":15,"column":33}},"loc":{"start":{"line":15,"column":44},"end":{"line":35,"column":1}},"line":15},"4":{"name":"(anonymous_4)","decl":{"start":{"line":21,"column":10},"end":{"line":21,"column":11}},"loc":{"start":{"line":21,"column":22},"end":{"line":30,"column":5}},"line":21},"5":{"name":"(anonymous_5)","decl":{"start":{"line":31,"column":11},"end":{"line":31,"column":12}},"loc":{"start":{"line":31,"column":20},"end":{"line":34,"column":5}},"line":31}},"branchMap":{"0":{"loc":{"start":{"line":22,"column":6},"end":{"line":29,"column":7}},"type":"if","locations":[{"start":{"line":22,"column":6},"end":{"line":29,"column":7}},{"start":{"line":22,"column":6},"end":{"line":29,"column":7}}],"line":22},"1":{"loc":{"start":{"line":24,"column":13},"end":{"line":29,"column":7}},"type":"if","locations":[{"start":{"line":24,"column":13},"end":{"line":29,"column":7}},{"start":{"line":24,"column":13},"end":{"line":29,"column":7}}],"line":24},"2":{"loc":{"start":{"line":26,"column":13},"end":{"line":29,"column":7}},"type":"if","locations":[{"start":{"line":26,"column":13},"end":{"line":29,"column":7}},{"start":{"line":26,"column":13},"end":{"line":29,"column":7}}],"line":26}},"s":{"0":2,"1":0,"2":2,"3":0,"4":2,"5":1,"6":0,"7":0,"8":0,"9":0,"10":0,"11":0,"12":0,"13":0,"14":0,"15":0},"f":{"0":0,"1":0,"2":1,"3":0,"4":0,"5":0},"b":{"0":[0,0],"1":[0,0],"2":[0,0]},"_coverageSchema":"43e27e138ebf9cfc5966b082cf9a028302ed4184","hash":"c36f715f3261d0d35666e9cd83245688fa8eb709"}
,"/Users/henrytomusange/Desktop/LmsOutput8/Store-Manager-React/src/actions/signupAction.js": {"path":"/Users/henrytomusange/Desktop/LmsOutput8/Store-Manager-React/src/actions/signupAction.js","statementMap":{"0":{"start":{"line":6,"column":2},"end":{"line":6,"column":84}},"1":{"start":{"line":8,"column":34},"end":{"line":11,"column":2}},"2":{"start":{"line":8,"column":46},"end":{"line":11,"column":1}},"3":{"start":{"line":13,"column":34},"end":{"line":16,"column":2}},"4":{"start":{"line":13,"column":45},"end":{"line":16,"column":1}},"5":{"start":{"line":18,"column":21},"end":{"line":52,"column":1}},"6":{"start":{"line":18,"column":33},"end":{"line":52,"column":1}},"7":{"start":{"line":19,"column":16},"end":{"line":19,"column":52}},"8":{"start":{"line":21,"column":18},"end":{"line":24,"column":3}},"9":{"start":{"line":26,"column":2},"end":{"line":26,"column":26}},"10":{"start":{"line":27,"column":2},"end":{"line":51,"column":7}},"11":{"start":{"line":32,"column":6},"end":{"line":41,"column":7}},"12":{"start":{"line":33,"column":8},"end":{"line":33,"column":50}},"13":{"start":{"line":34,"column":8},"end":{"line":34,"column":52}},"14":{"start":{"line":35,"column":13},"end":{"line":41,"column":7}},"15":{"start":{"line":36,"column":8},"end":{"line":36,"column":46}},"16":{"start":{"line":37,"column":8},"end":{"line":37,"column":52}},"17":{"start":{"line":38,"column":13},"end":{"line":41,"column":7}},"18":{"start":{"line":39,"column":8},"end":{"line":39,"column":46}},"19":{"start":{"line":40,"column":8},"end":{"line":40,"column":52}},"20":{"start":{"line":44,"column":6},"end":{"line":46,"column":7}},"21":{"start":{"line":45,"column":8},"end":{"line":45,"column":47}},"22":{"start":{"line":47,"column":6},"end":{"line":49,"column":7}},"23":{"start":{"line":48,"column":8},"end":{"line":48,"column":47}},"24":{"start":{"line":50,"column":6},"end":{"line":50,"column":51}}},"fnMap":{"0":{"name":"(anonymous_0)","decl":{"start":{"line":8,"column":34},"end":{"line":8,"column":35}},"loc":{"start":{"line":8,"column":46},"end":{"line":11,"column":1}},"line":8},"1":{"name":"(anonymous_1)","decl":{"start":{"line":13,"column":34},"end":{"line":13,"column":35}},"loc":{"start":{"line":13,"column":45},"end":{"line":16,"column":1}},"line":13},"2":{"name":"(anonymous_2)","decl":{"start":{"line":18,"column":21},"end":{"line":18,"column":22}},"loc":{"start":{"line":18,"column":33},"end":{"line":52,"column":1}},"line":18},"3":{"name":"(anonymous_3)","decl":{"start":{"line":18,"column":33},"end":{"line":18,"column":34}},"loc":{"start":{"line":18,"column":45},"end":{"line":52,"column":1}},"line":18},"4":{"name":"(anonymous_4)","decl":{"start":{"line":31,"column":10},"end":{"line":31,"column":11}},"loc":{"start":{"line":31,"column":22},"end":{"line":42,"column":5}},"line":31},"5":{"name":"(anonymous_5)","decl":{"start":{"line":43,"column":11},"end":{"line":43,"column":12}},"loc":{"start":{"line":43,"column":20},"end":{"line":51,"column":5}},"line":43}},"branchMap":{"0":{"loc":{"start":{"line":32,"column":6},"end":{"line":41,"column":7}},"type":"if","locations":[{"start":{"line":32,"column":6},"end":{"line":41,"column":7}},{"start":{"line":32,"column":6},"end":{"line":41,"column":7}}],"line":32},"1":{"loc":{"start":{"line":35,"column":13},"end":{"line":41,"column":7}},"type":"if","locations":[{"start":{"line":35,"column":13},"end":{"line":41,"column":7}},{"start":{"line":35,"column":13},"end":{"line":41,"column":7}}],"line":35},"2":{"loc":{"start":{"line":38,"column":13},"end":{"line":41,"column":7}},"type":"if","locations":[{"start":{"line":38,"column":13},"end":{"line":41,"column":7}},{"start":{"line":38,"column":13},"end":{"line":41,"column":7}}],"line":38},"3":{"loc":{"start":{"line":44,"column":6},"end":{"line":46,"column":7}},"type":"if","locations":[{"start":{"line":44,"column":6},"end":{"line":46,"column":7}},{"start":{"line":44,"column":6},"end":{"line":46,"column":7}}],"line":44},"4":{"loc":{"start":{"line":47,"column":6},"end":{"line":49,"column":7}},"type":"if","locations":[{"start":{"line":47,"column":6},"end":{"line":49,"column":7}},{"start":{"line":47,"column":6},"end":{"line":49,"column":7}}],"line":47}},"s":{"0":2,"1":2,"2":0,"3":2,"4":0,"5":2,"6":1,"7":0,"8":0,"9":0,"10":0,"11":0,"12":0,"13":0,"14":0,"15":0,"16":0,"17":0,"18":0,"19":0,"20":0,"21":0,"22":0,"23":0,"24":0},"f":{"0":0,"1":0,"2":1,"3":0,"4":0,"5":0},"b":{"0":[0,0],"1":[0,0],"2":[0,0],"3":[0,0],"4":[0,0]},"_coverageSchema":"43e27e138ebf9cfc5966b082cf9a028302ed4184","hash":"c68912b8914b73fac1d2c0476a2ef1e1470924de"}
,"/Users/henrytomusange/Desktop/LmsOutput8/Store-Manager-React/src/components/App.js": {"path":"/Users/henrytomusange/Desktop/LmsOutput8/Store-Manager-React/src/components/App.js","statementMap":{"0":{"start":{"line":4,"column":12},"end":{"line":8,"column":1}},"1":{"start":{"line":5,"column":4},"end":{"line":7,"column":10}}},"fnMap":{"0":{"name":"(anonymous_0)","decl":{"start":{"line":4,"column":12},"end":{"line":4,"column":13}},"loc":{"start":{"line":5,"column":4},"end":{"line":7,"column":10}},"line":5}},"branchMap":{},"s":{"0":2,"1":1},"f":{"0":1},"b":{},"_coverageSchema":"43e27e138ebf9cfc5966b082cf9a028302ed4184","hash":"e39ce87519509025d0f3c6c7f211b9c98c39e3ec"}
,"/Users/henrytomusange/Desktop/LmsOutput8/Store-Manager-React/src/components/Header.js": {"path":"/Users/henrytomusange/Desktop/LmsOutput8/Store-Manager-React/src/components/Header.js","statementMap":{"0":{"start":{"line":4,"column":15},"end":{"line":23,"column":1}},"1":{"start":{"line":5,"column":2},"end":{"line":22,"column":8}},"2":{"start":{"line":11,"column":12},"end":{"line":11,"column":52}}},"fnMap":{"0":{"name":"(anonymous_0)","decl":{"start":{"line":4,"column":15},"end":{"line":4,"column":16}},"loc":{"start":{"line":5,"column":2},"end":{"line":22,"column":8}},"line":5},"1":{"name":"(anonymous_1)","decl":{"start":{"line":10,"column":19},"end":{"line":10,"column":20}},"loc":{"start":{"line":10,"column":25},"end":{"line":12,"column":11}},"line":10}},"branchMap":{},"s":{"0":2,"1":0,"2":0},"f":{"0":0,"1":0},"b":{},"_coverageSchema":"43e27e138ebf9cfc5966b082cf9a028302ed4184","hash":"ebfc43fd5d77de2c8fd9acb43a95f137ddb4dc88"}
,"/Users/henrytomusange/Desktop/LmsOutput8/Store-Manager-React/src/components/Loader.js": {"path":"/Users/henrytomusange/Desktop/LmsOutput8/Store-Manager-React/src/components/Loader.js","statementMap":{"0":{"start":{"line":4,"column":2},"end":{"line":6,"column":4}}},"fnMap":{"0":{"name":"Loader","decl":{"start":{"line":3,"column":24},"end":{"line":3,"column":30}},"loc":{"start":{"line":3,"column":33},"end":{"line":7,"column":1}},"line":3}},"branchMap":{},"s":{"0":0},"f":{"0":0},"b":{},"_coverageSchema":"43e27e138ebf9cfc5966b082cf9a028302ed4184","hash":"e3a2c8e8f58baa84696fd39649574e5d54de0ce1"}
,"/Users/henrytomusange/Desktop/LmsOutput8/Store-Manager-React/src/components/LoginForm.js": {"path":"/Users/henrytomusange/Desktop/LmsOutput8/Store-Manager-React/src/components/LoginForm.js","statementMap":{"0":{"start":{"line":4,"column":18},"end":{"line":32,"column":1}},"1":{"start":{"line":5,"column":2},"end":{"line":31,"column":4}}},"fnMap":{"0":{"name":"(anonymous_0)","decl":{"start":{"line":4,"column":18},"end":{"line":4,"column":19}},"loc":{"start":{"line":4,"column":27},"end":{"line":32,"column":1}},"line":4}},"branchMap":{},"s":{"0":2,"1":2},"f":{"0":2},"b":{},"_coverageSchema":"43e27e138ebf9cfc5966b082cf9a028302ed4184","hash":"ea69d29150b4459b5df58e3f3fe22f5bd6452875"}
,"/Users/henrytomusange/Desktop/LmsOutput8/Store-Manager-React/src/components/SignupForm.js": {"path":"/Users/henrytomusange/Desktop/LmsOutput8/Store-Manager-React/src/components/SignupForm.js","statementMap":{"0":{"start":{"line":3,"column":19},"end":{"line":35,"column":1}},"1":{"start":{"line":4,"column":2},"end":{"line":34,"column":4}}},"fnMap":{"0":{"name":"(anonymous_0)","decl":{"start":{"line":3,"column":19},"end":{"line":3,"column":20}},"loc":{"start":{"line":3,"column":28},"end":{"line":35,"column":1}},"line":3}},"branchMap":{},"s":{"0":1,"1":0},"f":{"0":0},"b":{},"_coverageSchema":"43e27e138ebf9cfc5966b082cf9a028302ed4184","hash":"20e6cada5193d3e35dffefa44e101890c6dc0664"}
,"/Users/henrytomusange/Desktop/LmsOutput8/Store-Manager-React/src/reducers/loginReducer.js": {"path":"/Users/henrytomusange/Desktop/LmsOutput8/Store-Manager-React/src/reducers/loginReducer.js","statementMap":{"0":{"start":{"line":3,"column":18},"end":{"line":7,"column":1}},"1":{"start":{"line":10,"column":2},"end":{"line":27,"column":3}},"2":{"start":{"line":12,"column":6},"end":{"line":17,"column":8}},"3":{"start":{"line":19,"column":6},"end":{"line":24,"column":8}},"4":{"start":{"line":26,"column":6},"end":{"line":26,"column":19}}},"fnMap":{"0":{"name":"loginReducer","decl":{"start":{"line":9,"column":9},"end":{"line":9,"column":21}},"loc":{"start":{"line":9,"column":49},"end":{"line":28,"column":1}},"line":9}},"branchMap":{"0":{"loc":{"start":{"line":9,"column":22},"end":{"line":9,"column":39}},"type":"default-arg","locations":[{"start":{"line":9,"column":30},"end":{"line":9,"column":39}}],"line":9},"1":{"loc":{"start":{"line":10,"column":2},"end":{"line":27,"column":3}},"type":"switch","locations":[{"start":{"line":11,"column":4},"end":{"line":17,"column":8}},{"start":{"line":18,"column":4},"end":{"line":24,"column":8}},{"start":{"line":25,"column":4},"end":{"line":26,"column":19}}],"line":10}},"s":{"0":1,"1":3,"2":1,"3":1,"4":1},"f":{"0":3},"b":{"0":[1],"1":[1,1,1]},"_coverageSchema":"43e27e138ebf9cfc5966b082cf9a028302ed4184","hash":"4f446768faf00cb24bf3c3a7afbba31d65a980a0"}
,"/Users/henrytomusange/Desktop/LmsOutput8/Store-Manager-React/src/reducers/rootReducer.js": {"path":"/Users/henrytomusange/Desktop/LmsOutput8/Store-Manager-React/src/reducers/rootReducer.js","statementMap":{"0":{"start":{"line":5,"column":21},"end":{"line":7,"column":1}},"1":{"start":{"line":10,"column":2},"end":{"line":10,"column":15}},"2":{"start":{"line":13,"column":20},"end":{"line":17,"column":2}}},"fnMap":{"0":{"name":"startReducer","decl":{"start":{"line":9,"column":9},"end":{"line":9,"column":21}},"loc":{"start":{"line":9,"column":44},"end":{"line":11,"column":1}},"line":9}},"branchMap":{"0":{"loc":{"start":{"line":9,"column":22},"end":{"line":9,"column":42}},"type":"default-arg","locations":[{"start":{"line":9,"column":30},"end":{"line":9,"column":42}}],"line":9}},"s":{"0":0,"1":0,"2":0},"f":{"0":0},"b":{"0":[0]}}
,"/Users/henrytomusange/Desktop/LmsOutput8/Store-Manager-React/src/reducers/signupReducer.js": {"path":"/Users/henrytomusange/Desktop/LmsOutput8/Store-Manager-React/src/reducers/signupReducer.js","statementMap":{"0":{"start":{"line":3,"column":18},"end":{"line":7,"column":1}},"1":{"start":{"line":10,"column":2},"end":{"line":27,"column":3}},"2":{"start":{"line":12,"column":6},"end":{"line":17,"column":8}},"3":{"start":{"line":19,"column":6},"end":{"line":24,"column":8}},"4":{"start":{"line":26,"column":6},"end":{"line":26,"column":19}}},"fnMap":{"0":{"name":"signupReducer","decl":{"start":{"line":9,"column":9},"end":{"line":9,"column":22}},"loc":{"start":{"line":9,"column":50},"end":{"line":28,"column":1}},"line":9}},"branchMap":{"0":{"loc":{"start":{"line":9,"column":23},"end":{"line":9,"column":40}},"type":"default-arg","locations":[{"start":{"line":9,"column":31},"end":{"line":9,"column":40}}],"line":9},"1":{"loc":{"start":{"line":10,"column":2},"end":{"line":27,"column":3}},"type":"switch","locations":[{"start":{"line":11,"column":4},"end":{"line":17,"column":8}},{"start":{"line":18,"column":4},"end":{"line":24,"column":8}},{"start":{"line":25,"column":4},"end":{"line":26,"column":19}}],"line":10}},"s":{"0":1,"1":3,"2":1,"3":1,"4":1},"f":{"0":3},"b":{"0":[1],"1":[1,1,1]},"_coverageSchema":"43e27e138ebf9cfc5966b082cf9a028302ed4184","hash":"18ab11690a4f44ccf0fba9c49580565e2f55d670"}
,"/Users/henrytomusange/Desktop/LmsOutput8/Store-Manager-React/src/views/HomeView.js": {"path":"/Users/henrytomusange/Desktop/LmsOutput8/Store-Manager-React/src/views/HomeView.js","statementMap":{"0":{"start":{"line":4,"column":17},"end":{"line":9,"column":1}},"1":{"start":{"line":5,"column":2},"end":{"line":8,"column":8}}},"fnMap":{"0":{"name":"(anonymous_0)","decl":{"start":{"line":4,"column":17},"end":{"line":4,"column":18}},"loc":{"start":{"line":5,"column":2},"end":{"line":8,"column":8}},"line":5}},"branchMap":{},"s":{"0":1,"1":2},"f":{"0":2},"b":{},"_coverageSchema":"43e27e138ebf9cfc5966b082cf9a028302ed4184","hash":"3fdd5edff2c97f513e3e1ec77e73da814ff3d4a0"}
,"/Users/henrytomusange/Desktop/LmsOutput8/Store-Manager-React/src/views/LoginView.js": {"path":"/Users/henrytomusange/Desktop/LmsOutput8/Store-Manager-React/src/views/LoginView.js","statementMap":{"0":{"start":{"line":15,"column":4},"end":{"line":17,"column":7}},"1":{"start":{"line":21,"column":29},"end":{"line":21,"column":38}},"2":{"start":{"line":22,"column":4},"end":{"line":34,"column":5}},"3":{"start":{"line":23,"column":6},"end":{"line":23,"column":45}},"4":{"start":{"line":24,"column":6},"end":{"line":24,"column":40}},"5":{"start":{"line":25,"column":11},"end":{"line":34,"column":5}},"6":{"start":{"line":26,"column":6},"end":{"line":30,"column":7}},"7":{"start":{"line":27,"column":8},"end":{"line":27,"column":63}},"8":{"start":{"line":28,"column":13},"end":{"line":30,"column":7}},"9":{"start":{"line":29,"column":8},"end":{"line":29,"column":62}},"10":{"start":{"line":31,"column":6},"end":{"line":31,"column":36}},"11":{"start":{"line":32,"column":6},"end":{"line":32,"column":40}},"12":{"start":{"line":33,"column":6},"end":{"line":33,"column":39}},"13":{"start":{"line":38,"column":4},"end":{"line":38,"column":23}},"14":{"start":{"line":39,"column":17},"end":{"line":42,"column":5}},"15":{"start":{"line":43,"column":4},"end":{"line":43,"column":37}},"16":{"start":{"line":44,"column":4},"end":{"line":44,"column":33}},"17":{"start":{"line":48,"column":4},"end":{"line":60,"column":6}},"18":{"start":{"line":63,"column":31},"end":{"line":68,"column":1}},"19":{"start":{"line":64,"column":2},"end":{"line":67,"column":4}}},"fnMap":{"0":{"name":"(anonymous_0)","decl":{"start":{"line":14,"column":17},"end":{"line":14,"column":18}},"loc":{"start":{"line":14,"column":22},"end":{"line":18,"column":3}},"line":14},"1":{"name":"(anonymous_1)","decl":{"start":{"line":20,"column":2},"end":{"line":20,"column":3}},"loc":{"start":{"line":20,"column":39},"end":{"line":35,"column":3}},"line":20},"2":{"name":"(anonymous_2)","decl":{"start":{"line":37,"column":21},"end":{"line":37,"column":22}},"loc":{"start":{"line":37,"column":26},"end":{"line":45,"column":3}},"line":37},"3":{"name":"(anonymous_3)","decl":{"start":{"line":47,"column":2},"end":{"line":47,"column":3}},"loc":{"start":{"line":47,"column":11},"end":{"line":61,"column":3}},"line":47},"4":{"name":"(anonymous_4)","decl":{"start":{"line":63,"column":31},"end":{"line":63,"column":32}},"loc":{"start":{"line":63,"column":40},"end":{"line":68,"column":1}},"line":63}},"branchMap":{"0":{"loc":{"start":{"line":22,"column":4},"end":{"line":34,"column":5}},"type":"if","locations":[{"start":{"line":22,"column":4},"end":{"line":34,"column":5}},{"start":{"line":22,"column":4},"end":{"line":34,"column":5}}],"line":22},"1":{"loc":{"start":{"line":25,"column":11},"end":{"line":34,"column":5}},"type":"if","locations":[{"start":{"line":25,"column":11},"end":{"line":34,"column":5}},{"start":{"line":25,"column":11},"end":{"line":34,"column":5}}],"line":25},"2":{"loc":{"start":{"line":26,"column":6},"end":{"line":30,"column":7}},"type":"if","locations":[{"start":{"line":26,"column":6},"end":{"line":30,"column":7}},{"start":{"line":26,"column":6},"end":{"line":30,"column":7}}],"line":26},"3":{"loc":{"start":{"line":28,"column":13},"end":{"line":30,"column":7}},"type":"if","locations":[{"start":{"line":28,"column":13},"end":{"line":30,"column":7}},{"start":{"line":28,"column":13},"end":{"line":30,"column":7}}],"line":28},"4":{"loc":{"start":{"line":52,"column":33},"end":{"line":52,"column":71}},"type":"cond-expr","locations":[{"start":{"line":52,"column":54},"end":{"line":52,"column":64}},{"start":{"line":52,"column":67},"end":{"line":52,"column":71}}],"line":52}},"s":{"0":0,"1":0,"2":0,"3":0,"4":0,"5":0,"6":0,"7":0,"8":0,"9":0,"10":0,"11":0,"12":0,"13":0,"14":0,"15":0,"16":0,"17":0,"18":1,"19":0},"f":{"0":0,"1":0,"2":0,"3":0,"4":0},"b":{"0":[0,0],"1":[0,0],"2":[0,0],"3":[0,0],"4":[0,0]},"_coverageSchema":"43e27e138ebf9cfc5966b082cf9a028302ed4184","hash":"ff5db5fa19a933a5eb026793332503c00a527ac1"}
,"/Users/henrytomusange/Desktop/LmsOutput8/Store-Manager-React/src/views/SignupView.js": {"path":"/Users/henrytomusange/Desktop/LmsOutput8/Store-Manager-React/src/views/SignupView.js","statementMap":{"0":{"start":{"line":17,"column":4},"end":{"line":19,"column":7}},"1":{"start":{"line":23,"column":29},"end":{"line":23,"column":38}},"2":{"start":{"line":24,"column":4},"end":{"line":29,"column":5}},"3":{"start":{"line":25,"column":6},"end":{"line":25,"column":40}},"4":{"start":{"line":26,"column":6},"end":{"line":26,"column":40}},"5":{"start":{"line":27,"column":11},"end":{"line":29,"column":5}},"6":{"start":{"line":28,"column":6},"end":{"line":28,"column":40}},"7":{"start":{"line":33,"column":4},"end":{"line":33,"column":23}},"8":{"start":{"line":34,"column":17},"end":{"line":38,"column":5}},"9":{"start":{"line":39,"column":4},"end":{"line":39,"column":37}},"10":{"start":{"line":40,"column":4},"end":{"line":40,"column":34}},"11":{"start":{"line":44,"column":4},"end":{"line":56,"column":6}},"12":{"start":{"line":59,"column":31},"end":{"line":64,"column":1}},"13":{"start":{"line":60,"column":2},"end":{"line":63,"column":4}}},"fnMap":{"0":{"name":"(anonymous_0)","decl":{"start":{"line":16,"column":17},"end":{"line":16,"column":18}},"loc":{"start":{"line":16,"column":22},"end":{"line":20,"column":3}},"line":16},"1":{"name":"(anonymous_1)","decl":{"start":{"line":22,"column":2},"end":{"line":22,"column":3}},"loc":{"start":{"line":22,"column":39},"end":{"line":30,"column":3}},"line":22},"2":{"name":"(anonymous_2)","decl":{"start":{"line":32,"column":21},"end":{"line":32,"column":22}},"loc":{"start":{"line":32,"column":26},"end":{"line":41,"column":3}},"line":32},"3":{"name":"(anonymous_3)","decl":{"start":{"line":43,"column":2},"end":{"line":43,"column":3}},"loc":{"start":{"line":43,"column":11},"end":{"line":57,"column":3}},"line":43},"4":{"name":"(anonymous_4)","decl":{"start":{"line":59,"column":31},"end":{"line":59,"column":32}},"loc":{"start":{"line":59,"column":40},"end":{"line":64,"column":1}},"line":59}},"branchMap":{"0":{"loc":{"start":{"line":24,"column":4},"end":{"line":29,"column":5}},"type":"if","locations":[{"start":{"line":24,"column":4},"end":{"line":29,"column":5}},{"start":{"line":24,"column":4},"end":{"line":29,"column":5}}],"line":24},"1":{"loc":{"start":{"line":27,"column":11},"end":{"line":29,"column":5}},"type":"if","locations":[{"start":{"line":27,"column":11},"end":{"line":29,"column":5}},{"start":{"line":27,"column":11},"end":{"line":29,"column":5}}],"line":27},"2":{"loc":{"start":{"line":48,"column":33},"end":{"line":48,"column":71}},"type":"cond-expr","locations":[{"start":{"line":48,"column":54},"end":{"line":48,"column":64}},{"start":{"line":48,"column":67},"end":{"line":48,"column":71}}],"line":48}},"s":{"0":0,"1":0,"2":0,"3":0,"4":0,"5":0,"6":0,"7":0,"8":0,"9":0,"10":0,"11":0,"12":1,"13":0},"f":{"0":0,"1":0,"2":0,"3":0,"4":0},"b":{"0":[0,0],"1":[0,0],"2":[0,0]},"_coverageSchema":"43e27e138ebf9cfc5966b082cf9a028302ed4184","hash":"00f242f47107982942ef672bb2917c8647b26a92"}
}
