{"/Users/henrytomusange/Desktop/LmsOutput8/Store-Manager-React/src/actions/actionTypes.js": {"path":"/Users/henrytomusange/Desktop/LmsOutput8/Store-Manager-React/src/actions/actionTypes.js","statementMap":{"0":{"start":{"line":1,"column":20},"end":{"line":4,"column":1}}},"fnMap":{},"branchMap":{},"s":{"0":2},"f":{},"b":{},"_coverageSchema":"43e27e138ebf9cfc5966b082cf9a028302ed4184","hash":"299ae81276cafef630c80b3ca2eac2d4a3930101"}
,"/Users/henrytomusange/Desktop/LmsOutput8/Store-Manager-React/src/actions/loginAction.js": {"path":"/Users/henrytomusange/Desktop/LmsOutput8/Store-Manager-React/src/actions/loginAction.js","statementMap":{"0":{"start":{"line":4,"column":33},"end":{"line":7,"column":2}},"1":{"start":{"line":4,"column":45},"end":{"line":7,"column":1}},"2":{"start":{"line":9,"column":33},"end":{"line":12,"column":2}},"3":{"start":{"line":9,"column":43},"end":{"line":12,"column":1}},"4":{"start":{"line":14,"column":20},"end":{"line":37,"column":1}},"5":{"start":{"line":14,"column":32},"end":{"line":37,"column":1}},"6":{"start":{"line":15,"column":2},"end":{"line":36,"column":7}},"7":{"start":{"line":21,"column":6},"end":{"line":30,"column":7}},"8":{"start":{"line":22,"column":8},"end":{"line":22,"column":51}},"9":{"start":{"line":23,"column":8},"end":{"line":23,"column":78}},"10":{"start":{"line":24,"column":13},"end":{"line":30,"column":7}},"11":{"start":{"line":25,"column":8},"end":{"line":25,"column":51}},"12":{"start":{"line":26,"column":8},"end":{"line":26,"column":79}},"13":{"start":{"line":27,"column":13},"end":{"line":30,"column":7}},"14":{"start":{"line":28,"column":8},"end":{"line":28,"column":80}},"15":{"start":{"line":29,"column":8},"end":{"line":29,"column":51}},"16":{"start":{"line":33,"column":6},"end":{"line":34,"column":41}},"17":{"start":{"line":35,"column":6},"end":{"line":35,"column":50}}},"fnMap":{"0":{"name":"(anonymous_0)","decl":{"start":{"line":4,"column":33},"end":{"line":4,"column":34}},"loc":{"start":{"line":4,"column":45},"end":{"line":7,"column":1}},"line":4},"1":{"name":"(anonymous_1)","decl":{"start":{"line":9,"column":33},"end":{"line":9,"column":34}},"loc":{"start":{"line":9,"column":43},"end":{"line":12,"column":1}},"line":9},"2":{"name":"(anonymous_2)","decl":{"start":{"line":14,"column":20},"end":{"line":14,"column":21}},"loc":{"start":{"line":14,"column":32},"end":{"line":37,"column":1}},"line":14},"3":{"name":"(anonymous_3)","decl":{"start":{"line":14,"column":32},"end":{"line":14,"column":33}},"loc":{"start":{"line":14,"column":44},"end":{"line":37,"column":1}},"line":14},"4":{"name":"(anonymous_4)","decl":{"start":{"line":20,"column":10},"end":{"line":20,"column":11}},"loc":{"start":{"line":20,"column":22},"end":{"line":31,"column":5}},"line":20},"5":{"name":"(anonymous_5)","decl":{"start":{"line":32,"column":11},"end":{"line":32,"column":12}},"loc":{"start":{"line":32,"column":20},"end":{"line":36,"column":5}},"line":32}},"branchMap":{"0":{"loc":{"start":{"line":21,"column":6},"end":{"line":30,"column":7}},"type":"if","locations":[{"start":{"line":21,"column":6},"end":{"line":30,"column":7}},{"start":{"line":21,"column":6},"end":{"line":30,"column":7}}],"line":21},"1":{"loc":{"start":{"line":24,"column":13},"end":{"line":30,"column":7}},"type":"if","locations":[{"start":{"line":24,"column":13},"end":{"line":30,"column":7}},{"start":{"line":24,"column":13},"end":{"line":30,"column":7}}],"line":24},"2":{"loc":{"start":{"line":27,"column":13},"end":{"line":30,"column":7}},"type":"if","locations":[{"start":{"line":27,"column":13},"end":{"line":30,"column":7}},{"start":{"line":27,"column":13},"end":{"line":30,"column":7}}],"line":27}},"s":{"0":1,"1":0,"2":1,"3":0,"4":1,"5":1,"6":0,"7":0,"8":0,"9":0,"10":0,"11":0,"12":0,"13":0,"14":0,"15":0,"16":0,"17":0},"f":{"0":0,"1":0,"2":1,"3":0,"4":0,"5":0},"b":{"0":[0,0],"1":[0,0],"2":[0,0]},"_coverageSchema":"43e27e138ebf9cfc5966b082cf9a028302ed4184","hash":"b519fd0ee5dee8c710a8397387a0071e036ee902"}
,"/Users/henrytomusange/Desktop/LmsOutput8/Store-Manager-React/src/components/App.js": {"path":"/Users/henrytomusange/Desktop/LmsOutput8/Store-Manager-React/src/components/App.js","statementMap":{"0":{"start":{"line":4,"column":12},"end":{"line":6,"column":1}},"1":{"start":{"line":5,"column":4},"end":{"line":5,"column":32}}},"fnMap":{"0":{"name":"(anonymous_0)","decl":{"start":{"line":4,"column":12},"end":{"line":4,"column":13}},"loc":{"start":{"line":5,"column":4},"end":{"line":5,"column":32}},"line":5}},"branchMap":{},"s":{"0":2,"1":1},"f":{"0":1},"b":{},"_coverageSchema":"43e27e138ebf9cfc5966b082cf9a028302ed4184","hash":"0a01205f79216e2f3aecd2eefb8d6c0bdb788da0"}
,"/Users/henrytomusange/Desktop/LmsOutput8/Store-Manager-React/src/components/Header.js": {"path":"/Users/henrytomusange/Desktop/LmsOutput8/Store-Manager-React/src/components/Header.js","statementMap":{"0":{"start":{"line":4,"column":15},"end":{"line":11,"column":1}},"1":{"start":{"line":5,"column":2},"end":{"line":10,"column":8}},"2":{"start":{"line":6,"column":35},"end":{"line":6,"column":67}}},"fnMap":{"0":{"name":"(anonymous_0)","decl":{"start":{"line":4,"column":15},"end":{"line":4,"column":16}},"loc":{"start":{"line":5,"column":2},"end":{"line":10,"column":8}},"line":5},"1":{"name":"(anonymous_1)","decl":{"start":{"line":6,"column":29},"end":{"line":6,"column":30}},"loc":{"start":{"line":6,"column":35},"end":{"line":6,"column":67}},"line":6}},"branchMap":{},"s":{"0":1,"1":0,"2":0},"f":{"0":0,"1":0},"b":{},"_coverageSchema":"43e27e138ebf9cfc5966b082cf9a028302ed4184","hash":"d861bf42b0ff19e65598dd0a4b647656579f1633"}
,"/Users/henrytomusange/Desktop/LmsOutput8/Store-Manager-React/src/components/LoginForm.js": {"path":"/Users/henrytomusange/Desktop/LmsOutput8/Store-Manager-React/src/components/LoginForm.js","statementMap":{"0":{"start":{"line":3,"column":18},"end":{"line":33,"column":1}},"1":{"start":{"line":4,"column":2},"end":{"line":32,"column":4}}},"fnMap":{"0":{"name":"(anonymous_0)","decl":{"start":{"line":3,"column":18},"end":{"line":3,"column":19}},"loc":{"start":{"line":3,"column":27},"end":{"line":33,"column":1}},"line":3}},"branchMap":{},"s":{"0":1,"1":2},"f":{"0":2},"b":{},"_coverageSchema":"43e27e138ebf9cfc5966b082cf9a028302ed4184","hash":"41d1d4e1ccae8ee1e28d6fcb7cf0926bbf5596d2"}
,"/Users/henrytomusange/Desktop/LmsOutput8/Store-Manager-React/src/reducers/loginReducer.js": {"path":"/Users/henrytomusange/Desktop/LmsOutput8/Store-Manager-React/src/reducers/loginReducer.js","statementMap":{"0":{"start":{"line":3,"column":18},"end":{"line":7,"column":1}},"1":{"start":{"line":10,"column":2},"end":{"line":27,"column":3}},"2":{"start":{"line":12,"column":6},"end":{"line":17,"column":8}},"3":{"start":{"line":19,"column":6},"end":{"line":24,"column":8}},"4":{"start":{"line":26,"column":6},"end":{"line":26,"column":19}}},"fnMap":{"0":{"name":"loginReducer","decl":{"start":{"line":9,"column":9},"end":{"line":9,"column":21}},"loc":{"start":{"line":9,"column":49},"end":{"line":28,"column":1}},"line":9}},"branchMap":{"0":{"loc":{"start":{"line":9,"column":22},"end":{"line":9,"column":39}},"type":"default-arg","locations":[{"start":{"line":9,"column":30},"end":{"line":9,"column":39}}],"line":9},"1":{"loc":{"start":{"line":10,"column":2},"end":{"line":27,"column":3}},"type":"switch","locations":[{"start":{"line":11,"column":4},"end":{"line":17,"column":8}},{"start":{"line":18,"column":4},"end":{"line":24,"column":8}},{"start":{"line":25,"column":4},"end":{"line":26,"column":19}}],"line":10}},"s":{"0":1,"1":2,"2":1,"3":0,"4":1},"f":{"0":2},"b":{"0":[1],"1":[1,0,1]},"_coverageSchema":"43e27e138ebf9cfc5966b082cf9a028302ed4184","hash":"4f446768faf00cb24bf3c3a7afbba31d65a980a0"}
,"/Users/henrytomusange/Desktop/LmsOutput8/Store-Manager-React/src/reducers/rootReducer.js": {"path":"/Users/henrytomusange/Desktop/LmsOutput8/Store-Manager-React/src/reducers/rootReducer.js","statementMap":{"0":{"start":{"line":4,"column":21},"end":{"line":6,"column":1}},"1":{"start":{"line":9,"column":2},"end":{"line":9,"column":15}},"2":{"start":{"line":12,"column":20},"end":{"line":15,"column":2}}},"fnMap":{"0":{"name":"startReducer","decl":{"start":{"line":8,"column":9},"end":{"line":8,"column":21}},"loc":{"start":{"line":8,"column":44},"end":{"line":10,"column":1}},"line":8}},"branchMap":{"0":{"loc":{"start":{"line":8,"column":22},"end":{"line":8,"column":42}},"type":"default-arg","locations":[{"start":{"line":8,"column":30},"end":{"line":8,"column":42}}],"line":8}},"s":{"0":0,"1":0,"2":0},"f":{"0":0},"b":{"0":[0]}}
,"/Users/henrytomusange/Desktop/LmsOutput8/Store-Manager-React/src/views/HomeView.js": {"path":"/Users/henrytomusange/Desktop/LmsOutput8/Store-Manager-React/src/views/HomeView.js","statementMap":{"0":{"start":{"line":5,"column":17},"end":{"line":10,"column":1}},"1":{"start":{"line":6,"column":2},"end":{"line":9,"column":8}}},"fnMap":{"0":{"name":"(anonymous_0)","decl":{"start":{"line":5,"column":17},"end":{"line":5,"column":18}},"loc":{"start":{"line":6,"column":2},"end":{"line":9,"column":8}},"line":6}},"branchMap":{},"s":{"0":1,"1":2},"f":{"0":2},"b":{},"_coverageSchema":"43e27e138ebf9cfc5966b082cf9a028302ed4184","hash":"c599cc7bbfc480630abfa43b7ffd16158ba1e970"}
,"/Users/henrytomusange/Desktop/LmsOutput8/Store-Manager-React/src/views/LoginView.js": {"path":"/Users/henrytomusange/Desktop/LmsOutput8/Store-Manager-React/src/views/LoginView.js","statementMap":{"0":{"start":{"line":16,"column":4},"end":{"line":18,"column":7}},"1":{"start":{"line":22,"column":29},"end":{"line":22,"column":38}},"2":{"start":{"line":23,"column":4},"end":{"line":28,"column":5}},"3":{"start":{"line":24,"column":6},"end":{"line":24,"column":44}},"4":{"start":{"line":25,"column":11},"end":{"line":28,"column":5}},"5":{"start":{"line":26,"column":6},"end":{"line":26,"column":35}},"6":{"start":{"line":27,"column":6},"end":{"line":27,"column":39}},"7":{"start":{"line":32,"column":4},"end":{"line":32,"column":23}},"8":{"start":{"line":33,"column":17},"end":{"line":36,"column":5}},"9":{"start":{"line":37,"column":4},"end":{"line":37,"column":33}},"10":{"start":{"line":41,"column":4},"end":{"line":52,"column":6}},"11":{"start":{"line":55,"column":31},"end":{"line":61,"column":1}},"12":{"start":{"line":57,"column":2},"end":{"line":60,"column":4}}},"fnMap":{"0":{"name":"(anonymous_0)","decl":{"start":{"line":13,"column":2},"end":{"line":13,"column":3}},"loc":{"start":{"line":13,"column":22},"end":{"line":13,"column":24}},"line":13},"1":{"name":"(anonymous_1)","decl":{"start":{"line":15,"column":17},"end":{"line":15,"column":18}},"loc":{"start":{"line":15,"column":24},"end":{"line":19,"column":3}},"line":15},"2":{"name":"(anonymous_2)","decl":{"start":{"line":21,"column":2},"end":{"line":21,"column":3}},"loc":{"start":{"line":21,"column":39},"end":{"line":29,"column":3}},"line":21},"3":{"name":"(anonymous_3)","decl":{"start":{"line":31,"column":21},"end":{"line":31,"column":22}},"loc":{"start":{"line":31,"column":28},"end":{"line":38,"column":3}},"line":31},"4":{"name":"(anonymous_4)","decl":{"start":{"line":40,"column":2},"end":{"line":40,"column":3}},"loc":{"start":{"line":40,"column":11},"end":{"line":53,"column":3}},"line":40},"5":{"name":"(anonymous_5)","decl":{"start":{"line":55,"column":31},"end":{"line":55,"column":32}},"loc":{"start":{"line":55,"column":42},"end":{"line":61,"column":1}},"line":55}},"branchMap":{"0":{"loc":{"start":{"line":23,"column":4},"end":{"line":28,"column":5}},"type":"if","locations":[{"start":{"line":23,"column":4},"end":{"line":28,"column":5}},{"start":{"line":23,"column":4},"end":{"line":28,"column":5}}],"line":23},"1":{"loc":{"start":{"line":25,"column":11},"end":{"line":28,"column":5}},"type":"if","locations":[{"start":{"line":25,"column":11},"end":{"line":28,"column":5}},{"start":{"line":25,"column":11},"end":{"line":28,"column":5}}],"line":25}},"s":{"0":0,"1":0,"2":0,"3":0,"4":0,"5":0,"6":0,"7":0,"8":0,"9":0,"10":0,"11":0,"12":0},"f":{"0":0,"1":0,"2":0,"3":0,"4":0,"5":0},"b":{"0":[0,0],"1":[0,0]}}
}
