TN:
SF:/Users/henrytomusange/Desktop/LmsOutput8/Store-Manager-React/src/actions/actionTypes.js
FNF:0
FNH:0
DA:1,7
LF:1
LH:1
BRF:0
BRH:0
end_of_record
TN:
SF:/Users/henrytomusange/Desktop/LmsOutput8/Store-Manager-React/src/actions/loginAction.js
FN:5,(anonymous_0)
FN:10,(anonymous_1)
FN:15,(anonymous_2)
FN:15,(anonymous_3)
FN:21,(anonymous_4)
FN:31,(anonymous_5)
FNF:6
FNH:3
FNDA:1,(anonymous_0)
FNDA:1,(anonymous_1)
FNDA:1,(anonymous_2)
FNDA:0,(anonymous_3)
FNDA:0,(anonymous_4)
FNDA:0,(anonymous_5)
DA:5,2
DA:10,2
DA:15,2
DA:16,0
DA:22,0
DA:23,0
DA:24,0
DA:25,0
DA:26,0
DA:27,0
DA:28,0
DA:32,0
DA:33,0
LF:13
LH:3
BRDA:22,0,0,0
BRDA:22,0,1,0
BRDA:24,1,0,0
BRDA:24,1,1,0
BRDA:26,2,0,0
BRDA:26,2,1,0
BRF:6
BRH:0
end_of_record
TN:
SF:/Users/henrytomusange/Desktop/LmsOutput8/Store-Manager-React/src/actions/signupAction.js
FN:8,(anonymous_0)
FN:13,(anonymous_1)
FN:18,(anonymous_2)
FN:18,(anonymous_3)
FN:31,(anonymous_4)
FN:43,(anonymous_5)
FNF:6
FNH:5
FNDA:2,(anonymous_0)
FNDA:3,(anonymous_1)
FNDA:3,(anonymous_2)
FNDA:3,(anonymous_3)
FNDA:3,(anonymous_4)
FNDA:0,(anonymous_5)
DA:6,2
DA:8,2
DA:13,3
DA:18,3
DA:19,3
DA:21,3
DA:26,3
DA:27,3
DA:32,3
DA:33,1
DA:34,1
DA:35,2
DA:36,1
DA:37,1
DA:38,1
DA:39,1
DA:40,1
DA:44,0
DA:45,0
DA:47,0
DA:48,0
DA:50,0
LF:22
LH:17
BRDA:32,0,0,1
BRDA:32,0,1,2
BRDA:35,1,0,1
BRDA:35,1,1,1
BRDA:38,2,0,1
BRDA:38,2,1,0
BRDA:44,3,0,0
BRDA:44,3,1,0
BRDA:47,4,0,0
BRDA:47,4,1,0
BRF:10
BRH:5
end_of_record
TN:
SF:/Users/henrytomusange/Desktop/LmsOutput8/Store-Manager-React/src/components/App.js
FN:4,(anonymous_0)
FNF:1
FNH:1
FNDA:1,(anonymous_0)
DA:4,2
DA:5,1
LF:2
LH:2
BRF:0
BRH:0
end_of_record
TN:
SF:/Users/henrytomusange/Desktop/LmsOutput8/Store-Manager-React/src/components/Header.js
FN:4,(anonymous_0)
FN:10,(anonymous_1)
FNF:2
FNH:1
FNDA:4,(anonymous_0)
FNDA:0,(anonymous_1)
DA:4,3
DA:5,4
DA:11,0
LF:3
LH:2
BRF:0
BRH:0
end_of_record
TN:
SF:/Users/henrytomusange/Desktop/LmsOutput8/Store-Manager-React/src/components/Loader.js
FN:3,Loader
FNF:1
FNH:1
FNDA:3,Loader
DA:4,3
LF:1
LH:1
BRF:0
BRH:0
end_of_record
TN:
SF:/Users/henrytomusange/Desktop/LmsOutput8/Store-Manager-React/src/components/LoginForm.js
FN:4,(anonymous_0)
FNF:1
FNH:1
FNDA:15,(anonymous_0)
DA:4,2
DA:5,15
LF:2
LH:2
BRF:0
BRH:0
end_of_record
TN:
SF:/Users/henrytomusange/Desktop/LmsOutput8/Store-Manager-React/src/components/SignupForm.js
FN:3,(anonymous_0)
FNF:1
FNH:1
FNDA:6,(anonymous_0)
DA:3,2
DA:4,6
LF:2
LH:2
BRF:0
BRH:0
end_of_record
TN:
SF:/Users/henrytomusange/Desktop/LmsOutput8/Store-Manager-React/src/reducers/loginReducer.js
FN:9,loginReducer
FNF:1
FNH:1
FNDA:6,loginReducer
DA:3,2
DA:10,6
DA:12,1
DA:19,1
DA:26,4
LF:5
LH:5
BRDA:9,0,0,4
BRDA:10,1,0,1
BRDA:10,1,1,1
BRDA:10,1,2,4
BRF:4
BRH:4
end_of_record
TN:
SF:/Users/henrytomusange/Desktop/LmsOutput8/Store-Manager-React/src/reducers/rootReducer.js
FN:9,startReducer
FNF:1
FNH:1
FNDA:3,startReducer
DA:5,1
DA:10,3
DA:13,1
LF:3
LH:3
BRDA:9,0,0,3
BRF:1
BRH:1
end_of_record
TN:
SF:/Users/henrytomusange/Desktop/LmsOutput8/Store-Manager-React/src/reducers/signupReducer.js
FN:9,signupReducer
FNF:1
FNH:1
FNDA:6,signupReducer
DA:3,2
DA:10,6
DA:12,1
DA:19,1
DA:26,4
LF:5
LH:5
BRDA:9,0,0,4
BRDA:10,1,0,1
BRDA:10,1,1,1
BRDA:10,1,2,4
BRF:4
BRH:4
end_of_record
TN:
SF:/Users/henrytomusange/Desktop/LmsOutput8/Store-Manager-React/src/views/HomeView.js
FN:5,(anonymous_0)
FNF:1
FNH:1
FNDA:2,(anonymous_0)
DA:5,1
DA:6,2
LF:2
LH:2
BRF:0
BRH:0
end_of_record
TN:
SF:/Users/henrytomusange/Desktop/LmsOutput8/Store-Manager-React/src/views/LoginView.js
FN:14,(anonymous_0)
FN:20,(anonymous_1)
FN:38,(anonymous_2)
FN:48,(anonymous_3)
FN:64,(anonymous_4)
FNF:5
FNH:4
FNDA:2,(anonymous_0)
FNDA:4,(anonymous_1)
FNDA:1,(anonymous_2)
FNDA:13,(anonymous_3)
FNDA:0,(anonymous_4)
DA:15,2
DA:21,4
DA:22,4
DA:23,2
DA:24,2
DA:25,2
DA:27,1
DA:28,0
DA:29,1
DA:30,0
DA:32,1
DA:33,1
DA:34,1
DA:39,1
DA:40,1
DA:44,1
DA:45,1
DA:49,13
DA:64,1
DA:65,0
LF:20
LH:17
BRDA:22,0,0,2
BRDA:22,0,1,2
BRDA:25,1,0,1
BRDA:25,1,1,1
BRDA:27,2,0,0
BRDA:27,2,1,1
BRDA:29,3,0,0
BRDA:29,3,1,1
BRDA:53,4,0,1
BRDA:53,4,1,12
BRF:10
BRH:8
end_of_record
TN:
SF:/Users/henrytomusange/Desktop/LmsOutput8/Store-Manager-React/src/views/SignupView.js
FN:17,(anonymous_0)
FN:25,(anonymous_1)
FN:31,(anonymous_2)
FN:42,(anonymous_3)
FN:53,(anonymous_4)
FN:69,(anonymous_5)
FNF:6
FNH:5
FNDA:4,(anonymous_0)
FNDA:3,(anonymous_1)
FNDA:4,(anonymous_2)
FNDA:1,(anonymous_3)
FNDA:14,(anonymous_4)
FNDA:0,(anonymous_5)
DA:18,4
DA:19,4
DA:20,4
DA:21,4
DA:26,3
DA:32,4
DA:33,4
DA:34,2
DA:35,2
DA:36,2
DA:37,1
DA:38,1
DA:43,1
DA:44,1
DA:49,1
DA:50,1
DA:54,14
DA:69,1
DA:70,0
LF:19
LH:18
BRDA:19,0,0,4
BRDA:19,0,1,0
BRDA:33,1,0,2
BRDA:33,1,1,2
BRDA:36,2,0,1
BRDA:36,2,1,1
BRDA:58,3,0,1
BRDA:58,3,1,13
BRF:8
BRH:7
end_of_record
